[debug] [2025-09-30T01:27:35.084Z] ----------------------------------------------------------------------
[debug] [2025-09-30T01:27:35.086Z] Command:       C:\Program Files\nodejs\node.exe C:\Users\siddh\AppData\Roaming\npm\node_modules\firebase-tools\lib\bin\firebase.js init
[debug] [2025-09-30T01:27:35.086Z] CLI Version:   14.17.0
[debug] [2025-09-30T01:27:35.086Z] Platform:      win32
[debug] [2025-09-30T01:27:35.086Z] Node Version:  v22.16.0
[debug] [2025-09-30T01:27:35.087Z] Time:          Mon Sep 29 2025 18:27:35 GMT-0700 (Pacific Daylight Time)
[debug] [2025-09-30T01:27:35.087Z] ----------------------------------------------------------------------
[debug] 
[debug] [2025-09-30T01:27:35.088Z] >>> [apiv2][query] GET https://firebase-public.firebaseio.com/cli.json [none]
[debug] [2025-09-30T01:27:35.321Z] > command requires scopes: ["email","openid","https://www.googleapis.com/auth/cloudplatformprojects.readonly","https://www.googleapis.com/auth/firebase","https://www.googleapis.com/auth/cloud-platform"]
[debug] [2025-09-30T01:27:35.321Z] > authorizing via signed-in user (groundsnail01@gmail.com)
[info] 
     ######## #### ########  ######## ########     ###     ######  ########
     ##        ##  ##     ## ##       ##     ##  ##   ##  ##       ##
     ######    ##  ########  ######   ########  #########  ######  ######
     ##        ##  ##    ##  ##       ##     ## ##     ##       ## ##
     ##       #### ##     ## ######## ########  ##     ##  ######  ########

You're about to initialize a Firebase project in this directory:

  C:\Users\siddh\OneDrive\Desktop\Projects\SmartMed

Before we get started, keep in mind:

  * You are initializing within an existing Firebase project directory

[debug] [2025-09-30T01:27:35.478Z] <<< [apiv2][status] GET https://firebase-public.firebaseio.com/cli.json 200
[debug] [2025-09-30T01:27:35.478Z] <<< [apiv2][body] GET https://firebase-public.firebaseio.com/cli.json {"cloudBuildErrorAfter":1594252800000,"cloudBuildWarnAfter":1590019200000,"defaultNode10After":1594252800000,"minVersion":"3.0.5","node8DeploysDisabledAfter":1613390400000,"node8RuntimeDisabledAfter":1615809600000,"node8WarnAfter":1600128000000}
[info] 
=== Project Setup
[info] 
[info] First, let's associate this project directory with a Firebase project.
[info] You can create multiple project aliases by running firebase use --add, 
[info] but for now we'll just set up a default project.
[info] 
[debug] [2025-09-30T01:32:51.772Z] Using project from CLI flag: smartmed-dev
[debug] [2025-09-30T01:32:51.772Z] Checked if tokens are valid: false, expires at: 1751062354860
[debug] [2025-09-30T01:32:51.773Z] Checked if tokens are valid: false, expires at: 1751062354860
[debug] [2025-09-30T01:32:51.773Z] > refreshing access token with scopes: []
[debug] [2025-09-30T01:32:51.773Z] >>> [apiv2][query] POST https://www.googleapis.com/oauth2/v3/token [none]
[debug] [2025-09-30T01:32:51.774Z] >>> [apiv2][body] POST https://www.googleapis.com/oauth2/v3/token [omitted]
[debug] [2025-09-30T01:32:51.916Z] <<< [apiv2][status] POST https://www.googleapis.com/oauth2/v3/token 200
[debug] [2025-09-30T01:32:51.917Z] <<< [apiv2][body] POST https://www.googleapis.com/oauth2/v3/token [omitted]
[debug] [2025-09-30T01:32:51.920Z] >>> [apiv2][query] GET https://firebase.googleapis.com/v1beta1/projects/smartmed-dev [none]
[debug] [2025-09-30T01:32:52.478Z] <<< [apiv2][status] GET https://firebase.googleapis.com/v1beta1/projects/smartmed-dev 403
[debug] [2025-09-30T01:32:52.478Z] <<< [apiv2][body] GET https://firebase.googleapis.com/v1beta1/projects/smartmed-dev {"error":{"code":403,"message":"The caller does not have permission","status":"PERMISSION_DENIED"}}
[debug] [2025-09-30T01:32:52.479Z] Request to https://firebase.googleapis.com/v1beta1/projects/smartmed-dev had HTTP Error: 403, The caller does not have permission
[debug] [2025-09-30T01:32:52.575Z] FirebaseError: Request to https://firebase.googleapis.com/v1beta1/projects/smartmed-dev had HTTP Error: 403, The caller does not have permission
    at responseToError (C:\Users\siddh\AppData\Roaming\npm\node_modules\firebase-tools\lib\responseToError.js:52:12)
    at RetryOperation._fn (C:\Users\siddh\AppData\Roaming\npm\node_modules\firebase-tools\lib\apiv2.js:312:77)
    at process.processTicksAndRejections (node:internal/process/task_queues:105:5)
[error] 
[error] Error: Failed to get Firebase project smartmed-dev. Please make sure the project exists and your account has permission to access it.
